[0.025s] Invoking command in '/UROV/build/cpp_srvcli': CMAKE_PREFIX_PATH=${CMAKE_PREFIX_PATH}:/UROV/install/py_srvcli:/UROV/install/py_pubsub:/opt/ros/jazzy /usr/bin/cmake /UROV/src/cpp_srvcli -DCMAKE_INSTALL_PREFIX=/UROV/install/cpp_srvcli
[0.286s] -- The C compiler identification is GNU 13.3.0
[0.451s] -- The CXX compiler identification is GNU 13.3.0
[0.491s] -- Detecting C compiler ABI info
[0.707s] -- Detecting C compiler ABI info - done
[0.729s] -- Check for working C compiler: /usr/bin/cc - skipped
[0.730s] -- Detecting C compile features
[0.731s] -- Detecting C compile features - done
[0.753s] -- Detecting CXX compiler ABI info
[1.002s] -- Detecting CXX compiler ABI info - done
[1.024s] -- Check for working CXX compiler: /usr/bin/c++ - skipped
[1.024s] -- Detecting CXX compile features
[1.025s] -- Detecting CXX compile features - done
[1.037s] -- Found ament_cmake: 2.5.4 (/opt/ros/jazzy/share/ament_cmake/cmake)
[1.394s] -- Found Python3: /usr/bin/python3 (found version "3.12.3") found components: Interpreter 
[1.697s] -- Found rclcpp: 28.1.13 (/opt/ros/jazzy/share/rclcpp/cmake)
[1.831s] -- Found rosidl_generator_c: 4.6.6 (/opt/ros/jazzy/share/rosidl_generator_c/cmake)
[1.874s] -- Found rosidl_generator_cpp: 4.6.6 (/opt/ros/jazzy/share/rosidl_generator_cpp/cmake)
[1.925s] -- Using all available rosidl_typesupport_c: rosidl_typesupport_fastrtps_c;rosidl_typesupport_introspection_c
[1.981s] -- Using all available rosidl_typesupport_cpp: rosidl_typesupport_fastrtps_cpp;rosidl_typesupport_introspection_cpp
[2.197s] -- Found rmw_implementation_cmake: 7.3.2 (/opt/ros/jazzy/share/rmw_implementation_cmake/cmake)
[2.207s] -- Found rmw_fastrtps_cpp: 8.4.3 (/opt/ros/jazzy/share/rmw_fastrtps_cpp/cmake)
[2.443s] -- Found OpenSSL: /usr/lib/x86_64-linux-gnu/libcrypto.so (found version "3.0.13")  
[2.486s] -- Found FastRTPS: /opt/ros/jazzy/include (Required is at least version "2.13") 
[2.540s] -- Using RMW implementation 'rmw_fastrtps_cpp' as default
[2.753s] -- Found example_interfaces: 0.12.0 (/opt/ros/jazzy/share/example_interfaces/cmake)
[2.913s] -- Found ament_lint_auto: 0.17.3 (/opt/ros/jazzy/share/ament_lint_auto/cmake)
[3.167s] -- Added test 'cppcheck' to perform static code analysis on C / C++ code
[3.167s] -- Configured cppcheck include dirs: 
[3.167s] -- Configured cppcheck exclude dirs and/or files: 
[3.169s] -- Added test 'lint_cmake' to check CMake code style
[3.173s] -- Added test 'uncrustify' to check C / C++ code style
[3.173s] -- Configured uncrustify additional arguments: 
[3.175s] -- Added test 'xmllint' to check XML markup files
[3.180s] -- Configuring done (3.1s)
[3.215s] -- Generating done (0.0s)
[3.226s] -- Build files have been written to: /UROV/build/cpp_srvcli
[3.243s] Invoked command in '/UROV/build/cpp_srvcli' returned '0': CMAKE_PREFIX_PATH=${CMAKE_PREFIX_PATH}:/UROV/install/py_srvcli:/UROV/install/py_pubsub:/opt/ros/jazzy /usr/bin/cmake /UROV/src/cpp_srvcli -DCMAKE_INSTALL_PREFIX=/UROV/install/cpp_srvcli
[3.246s] Invoking command in '/UROV/build/cpp_srvcli': CMAKE_PREFIX_PATH=${CMAKE_PREFIX_PATH}:/UROV/install/py_srvcli:/UROV/install/py_pubsub:/opt/ros/jazzy /usr/bin/cmake --build /UROV/build/cpp_srvcli -- -j12 -l12
[3.366s] [ 50%] [32mBuilding CXX object CMakeFiles/client.dir/src/add_two_ints_client.cpp.o[0m
[3.366s] [ 50%] [32mBuilding CXX object CMakeFiles/server.dir/src/add_two_ints_server.cpp.o[0m
[3.395s] [01m[K/UROV/src/cpp_srvcli/src/add_two_ints_client.cpp:1:10:[m[K [01;31m[Kfatal error: [m[Krclcpp/rclcpp.hpp: No such file or directory
[3.395s]     1 | #include [01;31m[K"rclcpp/rclcpp.hpp"[m[K
[3.395s]       |          [01;31m[K^~~~~~~~~~~~~~~~~~~[m[K
[3.395s] compilation terminated.
[3.396s] gmake[2]: *** [CMakeFiles/client.dir/build.make:76: CMakeFiles/client.dir/src/add_two_ints_client.cpp.o] Error 1
[3.396s] gmake[1]: *** [CMakeFiles/Makefile2:165: CMakeFiles/client.dir/all] Error 2
[3.397s] gmake[1]: *** Waiting for unfinished jobs....
[9.763s] [ 75%] [32m[1mLinking CXX executable server[0m
[9.956s] [ 75%] Built target server
[9.957s] gmake: *** [Makefile:146: all] Error 2
[9.961s] Invoked command in '/UROV/build/cpp_srvcli' returned '2': CMAKE_PREFIX_PATH=${CMAKE_PREFIX_PATH}:/UROV/install/py_srvcli:/UROV/install/py_pubsub:/opt/ros/jazzy /usr/bin/cmake --build /UROV/build/cpp_srvcli -- -j12 -l12
